<?xml version="1.0" encoding="UTF-8"?>
<!-- Generated by org.testng.reporters.JUnitXMLReporter -->
<testsuite ignored="0" hostname="Shriyas-Air" failures="0" tests="4" name="/Users/shriyapaudyal/Downloads/Test" time="25.036" errors="0" timestamp="2022-01-06T21:25:49 GST">
  <testcase classname="test.AddToCart" name="Goto_Home_Page" time="5.188"/>
  <testcase classname="test.AddToCart" name="Goto_Category_Furniture_Page" time="8.92"/>
  <testcase classname="test.AddToCart" name="Goto_Product_Details_Page" time="4.479"/>
  <testcase classname="test.AddToCart" name="Goto_Cart_Page" time="6.422"/>
</testsuite> <!-- /Users/shriyapaudyal/Downloads/Test -->
